<?xml version="1.0" encoding="UTF-8"?>
<!-- Generated by org.testng.reporters.JUnitXMLReporter -->
<testsuite ignored="0" hostname="LAPTOP-KOGRFUDK" failures="0" tests="4" name="PetStoreTest" time="5.841" errors="0" timestamp="2024-01-12T14:09:25 CET">
  <testcase classname="api.test.UserTests2" name="testPostUser" time="2.711"/>
  <testcase classname="api.test.UserTests2" name="testGetUserByName" time="0.724"/>
  <testcase classname="api.test.UserTests2" name="testUpdateUserByName" time="1.431"/>
  <testcase classname="api.test.UserTests2" name="testDeleteUserByName" time="0.575"/>
</testsuite> <!-- PetStoreTest -->
