<?xml version="1.0" encoding="UTF-8"?>
<testng-results ignored="0" total="4" passed="4" failed="0" skipped="0">
  <reporter-output>
  </reporter-output>
  <suite started-at="2024-01-12T14:09:19 CET" name="PetStoreSuite" finished-at="2024-01-12T14:09:24 CET" duration-ms="5841">
    <groups>
    </groups>
    <test started-at="2024-01-12T14:09:19 CET" name="PetStoreTest" finished-at="2024-01-12T14:09:24 CET" duration-ms="5841">
      <class name="api.test.UserTests2">
        <test-method is-config="true" signature="setup()[pri:0, instance:api.test.UserTests2@5f058f00]" started-at="2024-01-12T14:09:19 CET" name="setup" finished-at="2024-01-12T14:09:19 CET" duration-ms="154" status="PASS">
          <reporter-output>
          </reporter-output>
        </test-method> <!-- setup -->
        <test-method signature="testPostUser()[pri:1, instance:api.test.UserTests2@5f058f00]" started-at="2024-01-12T14:09:19 CET" name="testPostUser" finished-at="2024-01-12T14:09:22 CET" duration-ms="2711" status="PASS">
          <reporter-output>
          </reporter-output>
        </test-method> <!-- testPostUser -->
        <test-method signature="testGetUserByName()[pri:2, instance:api.test.UserTests2@5f058f00]" started-at="2024-01-12T14:09:22 CET" name="testGetUserByName" finished-at="2024-01-12T14:09:22 CET" duration-ms="724" status="PASS">
          <reporter-output>
          </reporter-output>
        </test-method> <!-- testGetUserByName -->
        <test-method signature="testUpdateUserByName()[pri:3, instance:api.test.UserTests2@5f058f00]" started-at="2024-01-12T14:09:22 CET" name="testUpdateUserByName" finished-at="2024-01-12T14:09:24 CET" duration-ms="1431" status="PASS">
          <reporter-output>
          </reporter-output>
        </test-method> <!-- testUpdateUserByName -->
        <test-method signature="testDeleteUserByName()[pri:4, instance:api.test.UserTests2@5f058f00]" started-at="2024-01-12T14:09:24 CET" name="testDeleteUserByName" finished-at="2024-01-12T14:09:24 CET" duration-ms="575" status="PASS">
          <reporter-output>
          </reporter-output>
        </test-method> <!-- testDeleteUserByName -->
      </class> <!-- api.test.UserTests2 -->
    </test> <!-- PetStoreTest -->
  </suite> <!-- PetStoreSuite -->
</testng-results>
