<?xml version="1.0" encoding="UTF-8"?>
<testng-results ignored="0" total="4" passed="4" failed="0" skipped="0">
  <reporter-output>
  </reporter-output>
  <suite started-at="2024-01-11T23:36:52 CET" name="PetStoreSuite" finished-at="2024-01-11T23:36:57 CET" duration-ms="4842">
    <groups>
    </groups>
    <test started-at="2024-01-11T23:36:52 CET" name="PetStoreTest" finished-at="2024-01-11T23:36:57 CET" duration-ms="4842">
      <class name="api.test.UserTests2">
        <test-method is-config="true" signature="setup()[pri:0, instance:api.test.UserTests2@4b0d79fc]" started-at="2024-01-11T23:36:53 CET" name="setup" finished-at="2024-01-11T23:36:53 CET" duration-ms="153" status="PASS">
          <reporter-output>
          </reporter-output>
        </test-method> <!-- setup -->
        <test-method signature="testPostUser()[pri:1, instance:api.test.UserTests2@4b0d79fc]" started-at="2024-01-11T23:36:53 CET" name="testPostUser" finished-at="2024-01-11T23:36:55 CET" duration-ms="2091" status="PASS">
          <reporter-output>
          </reporter-output>
        </test-method> <!-- testPostUser -->
        <test-method signature="testGetUserByName()[pri:2, instance:api.test.UserTests2@4b0d79fc]" started-at="2024-01-11T23:36:55 CET" name="testGetUserByName" finished-at="2024-01-11T23:36:55 CET" duration-ms="617" status="PASS">
          <reporter-output>
          </reporter-output>
        </test-method> <!-- testGetUserByName -->
        <test-method signature="testUpdateUserByName()[pri:3, instance:api.test.UserTests2@4b0d79fc]" started-at="2024-01-11T23:36:56 CET" name="testUpdateUserByName" finished-at="2024-01-11T23:36:57 CET" duration-ms="1150" status="PASS">
          <reporter-output>
          </reporter-output>
        </test-method> <!-- testUpdateUserByName -->
        <test-method signature="testDeleteUserByName()[pri:4, instance:api.test.UserTests2@4b0d79fc]" started-at="2024-01-11T23:36:57 CET" name="testDeleteUserByName" finished-at="2024-01-11T23:36:57 CET" duration-ms="564" status="PASS">
          <reporter-output>
          </reporter-output>
        </test-method> <!-- testDeleteUserByName -->
      </class> <!-- api.test.UserTests2 -->
    </test> <!-- PetStoreTest -->
  </suite> <!-- PetStoreSuite -->
</testng-results>
