<?xml version="1.0" encoding="UTF-8"?>
<!-- Generated by org.testng.reporters.JUnitXMLReporter -->
<testsuite ignored="0" hostname="LAPTOP-KOGRFUDK" failures="0" tests="4" name="PetStoreTest" time="4.842" errors="0" timestamp="2024-01-11T23:36:57 CET">
  <testcase classname="api.test.UserTests2" name="testPostUser" time="2.091"/>
  <testcase classname="api.test.UserTests2" name="testGetUserByName" time="0.617"/>
  <testcase classname="api.test.UserTests2" name="testUpdateUserByName" time="1.15"/>
  <testcase classname="api.test.UserTests2" name="testDeleteUserByName" time="0.564"/>
</testsuite> <!-- PetStoreTest -->
